<?xml version="1.0" encoding="UTF-8"?>
<!-- Generated by org.testng.reporters.JUnitReportReporter -->
<testsuite name="com.TestCases" tests="2" time="0.615" ignored="1" failures="0" timestamp="14 Jun 2020 16:18:03 GMT" skipped="0" hostname="LAPTOP-DRQ9S1MN" errors="0">
  <testcase name="listCountriesPresentinAPIbutMissinginDB" time="0.050" classname="com.TestCases"/>
  <testcase name="comparingCapitalData" time="0.565" classname="com.TestCases"/>
  <testcase name="maxBordersComparison" classname="com.TestCases">
    <skipped/>
  </testcase> <!-- maxBordersComparison -->
</testsuite> <!-- com.TestCases -->
