<?xml version="1.0" encoding="UTF-8"?>
<!-- Generated by org.testng.reporters.JUnitReportReporter -->
<testsuite name="com.Testing" tests="1" time="4.528" ignored="0" failures="0" timestamp="14 Jun 2020 11:21:22 GMT" skipped="0" hostname="LAPTOP-DRQ9S1MN" errors="0">
  <testcase name="List_Countries_Presentin_API_but_Missingin_DB" time="4.528" classname="com.Testing"/>
</testsuite> <!-- com.Testing -->
