<?xml version="1.0" encoding="UTF-8"?>
<!-- Generated by org.testng.reporters.JUnitReportReporter -->
<testsuite name="com.Test_Case1" tests="1" time="3.902" ignored="0" failures="0" timestamp="12 Jun 2020 16:04:49 GMT" skipped="0" hostname="LAPTOP-DRQ9S1MN" errors="0">
  <testcase name="List_Countries_Presentin_API_but_Missingin_DB" time="3.902" classname="com.Test_Case1"/>
</testsuite> <!-- com.Test_Case1 -->
