<?xml version="1.0" encoding="UTF-8"?>
<!-- Generated by org.testng.reporters.JUnitReportReporter -->
<testsuite name="com.Test_case3" tests="1" time="0.506" ignored="0" failures="0" timestamp="14 Jun 2020 16:02:50 GMT" skipped="0" hostname="LAPTOP-DRQ9S1MN" errors="0">
  <testcase name="maxBordersComparison" time="0.506" classname="com.Test_case3"/>
</testsuite> <!-- com.Test_case3 -->
