<?xml version="1.0" encoding="UTF-8"?>
<!-- Generated by org.testng.reporters.JUnitReportReporter -->
<testsuite name="com.TestCases" tests="3" time="1.135" ignored="0" failures="0" timestamp="15 Jun 2020 06:52:01 GMT" skipped="0" hostname="LAPTOP-DRQ9S1MN" errors="0">
  <testcase name="listCountriesPresentinAPIbutMissinginDB" time="0.055" classname="com.TestCases"/>
  <testcase name="comparingCapitalData" time="0.605" classname="com.TestCases"/>
  <testcase name="maxBordersComparison" time="0.475" classname="com.TestCases"/>
</testsuite> <!-- com.TestCases -->
